\BOOKMARK [0][-]{chapter.1}{Introducci\363n}{}% 1
\BOOKMARK [0][-]{chapter.2}{Rayos C\363smicos}{}% 2
\BOOKMARK [0][-]{chapter.3}{Cascadas atmosf\351ricas y efecto Cherenkov}{}% 3
\BOOKMARK [1][-]{section.3.1}{Cascadas atmosf\351ricas}{chapter.3}% 4
\BOOKMARK [1][-]{section.3.2}{Efecto Cherenkov}{chapter.3}% 5
\BOOKMARK [0][-]{chapter.4}{T\351cnicas de detecci\363n}{}% 6
\BOOKMARK [1][-]{section.4.1}{Directas}{chapter.4}% 7
\BOOKMARK [1][-]{section.4.2}{Indirectas}{chapter.4}% 8
\BOOKMARK [2][-]{subsection.4.2.1}{Detectores Cherenkov}{section.4.2}% 9
\BOOKMARK [0][-]{chapter.5}{Decaimiento del mu\363n y espectro de Michel}{}% 10
\BOOKMARK [1][-]{section.5.1}{Decaimiento del mu\363n}{chapter.5}% 11
\BOOKMARK [1][-]{section.5.2}{Espectro de Michel}{chapter.5}% 12
\BOOKMARK [0][-]{chapter.6}{Observatorios y colaboraciones que usan WCD's}{}% 13
\BOOKMARK [1][-]{section.6.1}{Observatorios}{chapter.6}% 14
\BOOKMARK [2][-]{subsection.6.1.1}{LHAASO \(The Large High Altitude Air Shower Observatory\)}{section.6.1}% 15
\BOOKMARK [2][-]{subsection.6.1.2}{HAWC \(High Altitude Water Cherenkov\)}{section.6.1}% 16
\BOOKMARK [2][-]{subsection.6.1.3}{Pierre Auger}{section.6.1}% 17
\BOOKMARK [1][-]{section.6.2}{Colaboraciones SWGO y LAGO}{chapter.6}% 18
\BOOKMARK [2][-]{subsection.6.2.1}{Colaboraci\363n SWGO \(Southern Wide-field Gamma-ray Observatory\)}{section.6.2}% 19
\BOOKMARK [2][-]{subsection.6.2.2}{Colaboraci\363n LAGO \(Latin American Giant Observatory\)}{section.6.2}% 20
